<?xml version="1.0" encoding="UTF-8"?>
<testng-results ignored="0" total="1" passed="1" failed="0" skipped="0">
  <reporter-output>
  </reporter-output>
  <suite started-at="2025-01-30T12:58:42 IST" name="API Suite" finished-at="2025-01-30T12:58:46 IST" duration-ms="3496">
    <groups>
    </groups>
    <test started-at="2025-01-30T12:58:42 IST" name="Bitcoin API Test" finished-at="2025-01-30T12:58:46 IST" duration-ms="3496">
      <class name="com.qa.coindesk.tests.BitcoinPriceAPITest">
        <test-method signature="validateBitcoinPriceAPI()[pri:0, instance:com.qa.coindesk.tests.BitcoinPriceAPITest@69e153c5]" started-at="2025-01-30T12:58:42 IST" name="validateBitcoinPriceAPI" finished-at="2025-01-30T12:58:46 IST" duration-ms="3427" status="PASS">
          <reporter-output>
          </reporter-output>
        </test-method> <!-- validateBitcoinPriceAPI -->
      </class> <!-- com.qa.coindesk.tests.BitcoinPriceAPITest -->
    </test> <!-- Bitcoin API Test -->
  </suite> <!-- API Suite -->
</testng-results>
